{"contracts\\ERC20GodMode.sol":{"l":{"9":0,"16":0,"23":0,"25":0,"26":0,"28":0,"32":0,"41":0},"path":"C:\\Users\\SS\\Github projects\\MetanaW1\\contracts\\ERC20GodMode.sol","s":{"1":0,"2":0,"3":0,"4":0,"5":0,"6":0,"7":0,"8":0,"9":0},"b":{"1":[0,0],"2":[0,0],"3":[0,0]},"f":{"1":0,"2":0,"3":0,"4":0},"fnMap":{"1":{"name":"constructor","line":8,"loc":{"start":{"line":8,"column":4},"end":{"line":10,"column":4}}},"2":{"name":"mintTokensToAddress","line":14,"loc":{"start":{"line":12,"column":4},"end":{"line":17,"column":4}}},"3":{"name":"changeBalanceAtAddress","line":21,"loc":{"start":{"line":19,"column":4},"end":{"line":34,"column":4}}},"4":{"name":"authoritativeTransferFrom","line":40,"loc":{"start":{"line":36,"column":4},"end":{"line":42,"column":4}}}},"statementMap":{"1":{"start":{"line":9,"column":8},"end":{"line":9,"column":39}},"2":{"start":{"line":16,"column":8},"end":{"line":16,"column":31}},"3":{"start":{"line":23,"column":8},"end":{"line":23,"column":49}},"4":{"start":{"line":25,"column":8},"end":{"line":25,"column":645}},"5":{"start":{"line":26,"column":12},"end":{"line":26,"column":48}},"6":{"start":{"line":27,"column":15},"end":{"line":27,"column":741}},"7":{"start":{"line":28,"column":12},"end":{"line":28,"column":787}},"8":{"start":{"line":32,"column":12},"end":{"line":32,"column":48}},"9":{"start":{"line":41,"column":8},"end":{"line":41,"column":34}}},"branchMap":{"1":{"line":25,"type":"if","locations":[{"start":{"line":25,"column":8},"end":{"line":25,"column":8}},{"start":{"line":25,"column":8},"end":{"line":25,"column":8}}]},"2":{"line":27,"type":"if","locations":[{"start":{"line":27,"column":15},"end":{"line":27,"column":15}},{"start":{"line":27,"column":15},"end":{"line":27,"column":15}}]},"3":{"line":28,"type":"if","locations":[{"start":{"line":28,"column":12},"end":{"line":28,"column":12}},{"start":{"line":28,"column":12},"end":{"line":28,"column":12}}]}}},"contracts\\ERC20Sanctions.sol":{"l":{"11":0,"16":0,"17":0,"26":0,"27":0,"36":0,"37":0},"path":"C:\\Users\\SS\\Github projects\\MetanaW1\\contracts\\ERC20Sanctions.sol","s":{"1":0,"2":0,"3":0,"4":0,"5":0,"6":0,"7":0},"b":{"1":[0,0],"2":[0,0]},"f":{"1":0,"2":0,"3":0,"4":0},"fnMap":{"1":{"name":"constructor","line":10,"loc":{"start":{"line":10,"column":4},"end":{"line":12,"column":4}}},"2":{"name":"addToBlacklist","line":14,"loc":{"start":{"line":14,"column":4},"end":{"line":19,"column":4}}},"3":{"name":"removeFromBlacklist","line":23,"loc":{"start":{"line":21,"column":4},"end":{"line":29,"column":4}}},"4":{"name":"_beforeTokenTransfer","line":31,"loc":{"start":{"line":31,"column":4},"end":{"line":38,"column":4}}}},"statementMap":{"1":{"start":{"line":11,"column":8},"end":{"line":11,"column":39}},"2":{"start":{"line":16,"column":8},"end":{"line":16,"column":515}},"3":{"start":{"line":17,"column":12},"end":{"line":17,"column":37}},"4":{"start":{"line":26,"column":8},"end":{"line":26,"column":782}},"5":{"start":{"line":27,"column":12},"end":{"line":27,"column":41}},"6":{"start":{"line":36,"column":8},"end":{"line":36,"column":71}},"7":{"start":{"line":37,"column":8},"end":{"line":37,"column":69}}},"branchMap":{"1":{"line":36,"type":"if","locations":[{"start":{"line":36,"column":8},"end":{"line":36,"column":8}},{"start":{"line":36,"column":8},"end":{"line":36,"column":8}}]},"2":{"line":37,"type":"if","locations":[{"start":{"line":37,"column":8},"end":{"line":37,"column":8}},{"start":{"line":37,"column":8},"end":{"line":37,"column":8}}]}}},"contracts\\ERC20TokenSale.sol":{"l":{"13":0,"18":0,"19":0,"20":0,"22":0,"23":0,"28":0},"path":"C:\\Users\\SS\\Github projects\\MetanaW1\\contracts\\ERC20TokenSale.sol","s":{"1":0,"2":0,"3":0,"4":0,"5":0,"6":0,"7":0},"b":{"1":[0,0]},"f":{"1":0,"2":0,"3":0},"fnMap":{"1":{"name":"constructor","line":11,"loc":{"start":{"line":9,"column":4},"end":{"line":14,"column":4}}},"2":{"name":"mintTokens","line":16,"loc":{"start":{"line":16,"column":4},"end":{"line":25,"column":4}}},"3":{"name":"withdraw","line":27,"loc":{"start":{"line":27,"column":4},"end":{"line":29,"column":4}}}},"statementMap":{"1":{"start":{"line":13,"column":8},"end":{"line":13,"column":39}},"2":{"start":{"line":18,"column":8},"end":{"line":18,"column":43}},"3":{"start":{"line":19,"column":8},"end":{"line":19,"column":54}},"4":{"start":{"line":20,"column":8},"end":{"line":20,"column":39}},"5":{"start":{"line":22,"column":8},"end":{"line":22,"column":848}},"6":{"start":{"line":23,"column":12},"end":{"line":23,"column":47}},"7":{"start":{"line":28,"column":8},"end":{"line":28,"column":58}}},"branchMap":{"1":{"line":22,"type":"if","locations":[{"start":{"line":22,"column":8},"end":{"line":22,"column":8}},{"start":{"line":22,"column":8},"end":{"line":22,"column":8}}]}}},"contracts\\ERC20TokenSaleRefund.sol":{"l":{"15":24,"20":6,"21":6,"22":6,"24":6,"25":1,"31":3,"34":2,"37":2,"40":1,"42":1,"46":1},"path":"C:\\Users\\SS\\Github projects\\MetanaW1\\contracts\\ERC20TokenSaleRefund.sol","s":{"1":24,"2":6,"3":6,"4":6,"5":6,"6":1,"7":3,"8":2,"9":2,"10":1,"11":1,"12":1},"b":{"1":[1,5],"2":[2,1],"3":[1,1]},"f":{"1":24,"2":6,"3":3,"4":1},"fnMap":{"1":{"name":"constructor","line":13,"loc":{"start":{"line":11,"column":4},"end":{"line":16,"column":4}}},"2":{"name":"mintTokens","line":18,"loc":{"start":{"line":18,"column":4},"end":{"line":27,"column":4}}},"3":{"name":"sellBack","line":29,"loc":{"start":{"line":29,"column":4},"end":{"line":43,"column":4}}},"4":{"name":"withdraw","line":45,"loc":{"start":{"line":45,"column":4},"end":{"line":47,"column":4}}}},"statementMap":{"1":{"start":{"line":15,"column":8},"end":{"line":15,"column":26}},"2":{"start":{"line":20,"column":8},"end":{"line":20,"column":43}},"3":{"start":{"line":21,"column":8},"end":{"line":21,"column":54}},"4":{"start":{"line":22,"column":8},"end":{"line":22,"column":39}},"5":{"start":{"line":24,"column":8},"end":{"line":24,"column":884}},"6":{"start":{"line":25,"column":12},"end":{"line":25,"column":47}},"7":{"start":{"line":31,"column":8},"end":{"line":31,"column":81}},"8":{"start":{"line":34,"column":8},"end":{"line":34,"column":41}},"9":{"start":{"line":37,"column":8},"end":{"line":37,"column":86}},"10":{"start":{"line":40,"column":8},"end":{"line":40,"column":38}},"11":{"start":{"line":42,"column":8},"end":{"line":42,"column":43}},"12":{"start":{"line":46,"column":8},"end":{"line":46,"column":58}}},"branchMap":{"1":{"line":24,"type":"if","locations":[{"start":{"line":24,"column":8},"end":{"line":24,"column":8}},{"start":{"line":24,"column":8},"end":{"line":24,"column":8}}]},"2":{"line":31,"type":"if","locations":[{"start":{"line":31,"column":8},"end":{"line":31,"column":8}},{"start":{"line":31,"column":8},"end":{"line":31,"column":8}}]},"3":{"line":37,"type":"if","locations":[{"start":{"line":37,"column":8},"end":{"line":37,"column":8}},{"start":{"line":37,"column":8},"end":{"line":37,"column":8}}]}}}}