TN:
SF:C:\Users\SS\Github projects\MetanaW1\contracts\ERC20GodMode.sol
FN:8,constructor
FN:14,mintTokensToAddress
FN:21,changeBalanceAtAddress
FN:40,authoritativeTransferFrom
FNF:4
FNH:0
FNDA:0,constructor
FNDA:0,mintTokensToAddress
FNDA:0,changeBalanceAtAddress
FNDA:0,authoritativeTransferFrom
DA:9,0
DA:16,0
DA:23,0
DA:25,0
DA:26,0
DA:28,0
DA:32,0
DA:41,0
LF:8
LH:0
BRDA:25,1,0,0
BRDA:25,1,1,0
BRDA:27,2,0,0
BRDA:27,2,1,0
BRDA:28,3,0,0
BRDA:28,3,1,0
BRF:6
BRH:0
end_of_record
TN:
SF:C:\Users\SS\Github projects\MetanaW1\contracts\ERC20Sanctions.sol
FN:10,constructor
FN:14,addToBlacklist
FN:23,removeFromBlacklist
FN:31,_beforeTokenTransfer
FNF:4
FNH:0
FNDA:0,constructor
FNDA:0,addToBlacklist
FNDA:0,removeFromBlacklist
FNDA:0,_beforeTokenTransfer
DA:11,0
DA:16,0
DA:17,0
DA:26,0
DA:27,0
DA:36,0
DA:37,0
LF:7
LH:0
BRDA:36,1,0,0
BRDA:36,1,1,0
BRDA:37,2,0,0
BRDA:37,2,1,0
BRF:4
BRH:0
end_of_record
TN:
SF:C:\Users\SS\Github projects\MetanaW1\contracts\ERC20TokenSale.sol
FN:11,constructor
FN:16,mintTokens
FN:27,withdraw
FNF:3
FNH:0
FNDA:0,constructor
FNDA:0,mintTokens
FNDA:0,withdraw
DA:13,0
DA:18,0
DA:19,0
DA:20,0
DA:22,0
DA:23,0
DA:28,0
LF:7
LH:0
BRDA:22,1,0,0
BRDA:22,1,1,0
BRF:2
BRH:0
end_of_record
TN:
SF:C:\Users\SS\Github projects\MetanaW1\contracts\ERC20TokenSaleRefund.sol
FN:13,constructor
FN:18,mintTokens
FN:29,sellBack
FN:45,withdraw
FNF:4
FNH:4
FNDA:24,constructor
FNDA:6,mintTokens
FNDA:3,sellBack
FNDA:1,withdraw
DA:15,24
DA:20,6
DA:21,6
DA:22,6
DA:24,6
DA:25,1
DA:31,3
DA:34,2
DA:37,2
DA:40,1
DA:42,1
DA:46,1
LF:12
LH:12
BRDA:24,1,0,1
BRDA:24,1,1,5
BRDA:31,2,0,2
BRDA:31,2,1,1
BRDA:37,3,0,1
BRDA:37,3,1,1
BRF:6
BRH:6
end_of_record
